# JRE version: Java(TM) SE Runtime Environment (8.0_241-b07) (build 1.8.0_241-b07)
# Java VM: Java HotSpot(TM) 64-Bit Server VM (25.241-b07 mixed mode windows-amd64 compressed oops)
Heap:
 PSYoungGen      total 133120K, used 82559K [0x000000076b100000, 0x000000077c680000, 0x00000007c0000000)
  eden space 84480K, 40% used [0x000000076b100000,0x000000076d225250,0x0000000770380000)
  from space 48640K, 99% used [0x0000000770380000,0x00000007732faae8,0x0000000773300000)
  to   space 74240K, 0% used [0x0000000777e00000,0x0000000777e00000,0x000000077c680000)
 ParOldGen       total 119808K, used 82065K [0x00000006c1200000, 0x00000006c8700000, 0x000000076b100000)
  object space 119808K, 68% used [0x00000006c1200000,0x00000006c62244b0,0x00000006c8700000)
 Metaspace       used 24766K, capacity 25752K, committed 25856K, reserved 1071104K
  class space    used 3350K, capacity 3583K, committed 3584K, reserved 1048576K
GC Heap History (10 events):
Event: 3.188 GC heap before
{Heap before GC invocations=4 (full 1):
 PSYoungGen      total 76288K, used 9075K [0x000000076b100000, 0x0000000770600000, 0x00000007c0000000)
  eden space 65536K, 0% used [0x000000076b100000,0x000000076b100000,0x000000076f100000)
  from space 10752K, 84% used [0x000000076f100000,0x000000076f9dcec8,0x000000076fb80000)
  to   space 10752K, 0% used [0x000000076fb80000,0x000000076fb80000,0x0000000770600000)
 ParOldGen       total 175104K, used 2167K [0x00000006c1200000, 0x00000006cbd00000, 0x000000076b100000)
  object space 175104K, 1% used [0x00000006c1200000,0x00000006c141dc60,0x00000006cbd00000)
 Metaspace       used 20300K, capacity 21154K, committed 21248K, reserved 1067008K
  class space    used 2838K, capacity 3026K, committed 3072K, reserved 1048576K
Event: 3.216 GC heap after
Heap after GC invocations=4 (full 1):
 PSYoungGen      total 76288K, used 0K [0x000000076b100000, 0x0000000770600000, 0x00000007c0000000)
  eden space 65536K, 0% used [0x000000076b100000,0x000000076b100000,0x000000076f100000)
  from space 10752K, 0% used [0x000000076f100000,0x000000076f100000,0x000000076fb80000)
  to   space 10752K, 0% used [0x000000076fb80000,0x000000076fb80000,0x0000000770600000)
 ParOldGen       total 119808K, used 11053K [0x00000006c1200000, 0x00000006c8700000, 0x000000076b100000)
  object space 119808K, 9% used [0x00000006c1200000,0x00000006c1ccb418,0x00000006c8700000)
 Metaspace       used 20300K, capacity 21154K, committed 21248K, reserved 1067008K
  class space    used 2838K, capacity 3026K, committed 3072K, reserved 1048576K
}
Event: 6.861 GC heap before
{Heap before GC invocations=5 (full 1):
 PSYoungGen      total 76288K, used 65536K [0x000000076b100000, 0x0000000770600000, 0x00000007c0000000)
  eden space 65536K, 100% used [0x000000076b100000,0x000000076f100000,0x000000076f100000)
  from space 10752K, 0% used [0x000000076f100000,0x000000076f100000,0x000000076fb80000)
  to   space 10752K, 0% used [0x000000076fb80000,0x000000076fb80000,0x0000000770600000)
 ParOldGen       total 119808K, used 11053K [0x00000006c1200000, 0x00000006c8700000, 0x000000076b100000)
  object space 119808K, 9% used [0x00000006c1200000,0x00000006c1ccb418,0x00000006c8700000)
 Metaspace       used 24422K, capacity 25394K, committed 25600K, reserved 1071104K
  class space    used 3346K, capacity 3550K, committed 3584K, reserved 1048576K
Event: 6.878 GC heap after
Heap after GC invocations=5 (full 1):
 PSYoungGen      total 76288K, used 10749K [0x000000076b100000, 0x0000000771e80000, 0x00000007c0000000)
  eden space 65536K, 0% used [0x000000076b100000,0x000000076b100000,0x000000076f100000)
  from space 10752K, 99% used [0x000000076fb80000,0x00000007705ff400,0x0000000770600000)
  to   space 10752K, 0% used [0x000000076f100000,0x000000076f100000,0x000000076fb80000)
 ParOldGen       total 119808K, used 15545K [0x00000006c1200000, 0x00000006c8700000, 0x000000076b100000)
  object space 119808K, 12% used [0x00000006c1200000,0x00000006c212e4b0,0x00000006c8700000)
 Metaspace       used 24422K, capacity 25394K, committed 25600K, reserved 1071104K
  class space    used 3346K, capacity 3550K, committed 3584K, reserved 1048576K
}
Event: 10.059 GC heap before
{Heap before GC invocations=6 (full 1):
 PSYoungGen      total 76288K, used 76285K [0x000000076b100000, 0x0000000771e80000, 0x00000007c0000000)
  eden space 65536K, 100% used [0x000000076b100000,0x000000076f100000,0x000000076f100000)
  from space 10752K, 99% used [0x000000076fb80000,0x00000007705ff400,0x0000000770600000)
  to   space 10752K, 0% used [0x000000076f100000,0x000000076f100000,0x000000076fb80000)
 ParOldGen       total 119808K, used 15545K [0x00000006c1200000, 0x00000006c8700000, 0x000000076b100000)
  object space 119808K, 12% used [0x00000006c1200000,0x00000006c212e4b0,0x00000006c8700000)
 Metaspace       used 24571K, capacity 25464K, committed 25600K, reserved 1071104K
  class space    used 3347K, capacity 3551K, committed 3584K, reserved 1048576K
Event: 10.103 GC heap after
Heap after GC invocations=6 (full 1):
 PSYoungGen      total 76288K, used 10730K [0x000000076b100000, 0x0000000775780000, 0x00000007c0000000)
  eden space 65536K, 0% used [0x000000076b100000,0x000000076b100000,0x000000076f100000)
  from space 10752K, 99% used [0x000000076f100000,0x000000076fb7aaa0,0x000000076fb80000)
  to   space 37376K, 0% used [0x0000000773300000,0x0000000773300000,0x0000000775780000)
 ParOldGen       total 119808K, used 46673K [0x00000006c1200000, 0x00000006c8700000, 0x000000076b100000)
  object space 119808K, 38% used [0x00000006c1200000,0x00000006c3f944b0,0x00000006c8700000)
 Metaspace       used 24571K, capacity 25464K, committed 25600K, reserved 1071104K
  class space    used 3347K, capacity 3551K, committed 3584K, reserved 1048576K
}
Event: 13.103 GC heap before
{Heap before GC invocations=7 (full 1):
 PSYoungGen      total 76288K, used 76266K [0x000000076b100000, 0x0000000775780000, 0x00000007c0000000)
  eden space 65536K, 100% used [0x000000076b100000,0x000000076f100000,0x000000076f100000)
  from space 10752K, 99% used [0x000000076f100000,0x000000076fb7aaa0,0x000000076fb80000)
  to   space 37376K, 0% used [0x0000000773300000,0x0000000773300000,0x0000000775780000)
 ParOldGen       total 119808K, used 46673K [0x00000006c1200000, 0x00000006c8700000, 0x000000076b100000)
  object space 119808K, 38% used [0x00000006c1200000,0x00000006c3f944b0,0x00000006c8700000)
 Metaspace       used 24601K, capacity 25560K, committed 25856K, reserved 1071104K
  class space    used 3347K, capacity 3583K, committed 3584K, reserved 1048576K
Event: 13.144 GC heap after
Heap after GC invocations=7 (full 1):
 PSYoungGen      total 121856K, used 37372K [0x000000076b100000, 0x0000000777080000, 0x00000007c0000000)
  eden space 84480K, 0% used [0x000000076b100000,0x000000076b100000,0x0000000770380000)
  from space 37376K, 99% used [0x0000000773300000,0x000000077577f3b8,0x0000000775780000)
  to   space 48640K, 0% used [0x0000000770380000,0x0000000770380000,0x0000000773300000)
 ParOldGen       total 119808K, used 51553K [0x00000006c1200000, 0x00000006c8700000, 0x000000076b100000)
  object space 119808K, 43% used [0x00000006c1200000,0x00000006c44584b0,0x00000006c8700000)
 Metaspace       used 24601K, capacity 25560K, committed 25856K, reserved 1071104K
  class space    used 3347K, capacity 3583K, committed 3584K, reserved 1048576K
}
Event: 15.930 GC heap before
{Heap before GC invocations=8 (full 1):
 PSYoungGen      total 121856K, used 121852K [0x000000076b100000, 0x0000000777080000, 0x00000007c0000000)
  eden space 84480K, 100% used [0x000000076b100000,0x0000000770380000,0x0000000770380000)
  from space 37376K, 99% used [0x0000000773300000,0x000000077577f3b8,0x0000000775780000)
  to   space 48640K, 0% used [0x0000000770380000,0x0000000770380000,0x0000000773300000)
 ParOldGen       total 119808K, used 51553K [0x00000006c1200000, 0x00000006c8700000, 0x000000076b100000)
  object space 119808K, 43% used [0x00000006c1200000,0x00000006c44584b0,0x00000006c8700000)
 Metaspace       used 24645K, capacity 25624K, committed 25856K, reserved 1071104K
  class space    used 3347K, capacity 3583K, committed 3584K, reserved 1048576K
Event: 16.005 GC heap after
Heap after GC invocations=8 (full 1):
 PSYoungGen      total 133120K, used 48618K [0x000000076b100000, 0x000000077c680000, 0x00000007c0000000)
  eden space 84480K, 0% used [0x000000076b100000,0x000000076b100000,0x0000000770380000)
  from space 48640K, 99% used [0x0000000770380000,0x00000007732faae8,0x0000000773300000)
  to   space 74240K, 0% used [0x0000000777e00000,0x0000000777e00000,0x000000077c680000)
 ParOldGen       total 119808K, used 82065K [0x00000006c1200000, 0x00000006c8700000, 0x000000076b100000)
  object space 119808K, 68% used [0x00000006c1200000,0x00000006c62244b0,0x00000006c8700000)
 Metaspace       used 24645K, capacity 25624K, committed 25856K, reserved 1071104K
  class space    used 3347K, capacity 3583K, committed 3584K, reserved 1048576K
}

